Temp/gradleOut/launcher/build/intermediates/manifest_merge_blame_file/release/manifest-merger-blame-release-report.txt
1<?xml version="1.0" encoding="utf-8"?>
2<!-- GENERATED BY UNITY. REMOVE THIS COMMENT TO PREVENT OVERWRITING WHEN EXPORTING AGAIN -->
3<manifest xmlns:android="http://schemas.android.com/apk/res/android"
4    package="com.HurdleProject.Hurdles"
5    android:installLocation="preferExternal"
6    android:versionCode="1"
7    android:versionName="0.1" >
8
9    <uses-sdk
10        android:minSdkVersion="31"
10-->src\main\AndroidManifest.xml
11        android:targetSdkVersion="31" />
11-->src\main\AndroidManifest.xml
12
13    <supports-screens
13-->src\main\AndroidManifest.xml:4:3-163
14        android:anyDensity="true"
14-->src\main\AndroidManifest.xml:4:135-160
15        android:largeScreens="true"
15-->src\main\AndroidManifest.xml:4:78-105
16        android:normalScreens="true"
16-->src\main\AndroidManifest.xml:4:49-77
17        android:smallScreens="true"
17-->src\main\AndroidManifest.xml:4:21-48
18        android:xlargeScreens="true" />
18-->src\main\AndroidManifest.xml:4:106-134
19
20    <uses-feature android:glEsVersion="0x00030002" />
20-->[:unityLibrary] AndroidManifest.xml:13:5-54
20-->[:unityLibrary] AndroidManifest.xml:13:19-51
21    <uses-feature
21-->[:unityLibrary] AndroidManifest.xml:14:5-16:36
22        android:name="android.hardware.touchscreen"
22-->[:unityLibrary] AndroidManifest.xml:15:9-52
23        android:required="false" />
23-->[:unityLibrary] AndroidManifest.xml:16:9-33
24    <uses-feature
24-->[:unityLibrary] AndroidManifest.xml:17:5-19:36
25        android:name="android.hardware.touchscreen.multitouch"
25-->[:unityLibrary] AndroidManifest.xml:18:9-63
26        android:required="false" />
26-->[:unityLibrary] AndroidManifest.xml:19:9-33
27    <uses-feature
27-->[:unityLibrary] AndroidManifest.xml:20:5-22:36
28        android:name="android.hardware.touchscreen.multitouch.distinct"
28-->[:unityLibrary] AndroidManifest.xml:21:9-72
29        android:required="false" />
29-->[:unityLibrary] AndroidManifest.xml:22:9-33
30    <!--
31      #gles3 - glEsVersion is 0x00030000 for OpenGL ES 3.0 support. Change it to 0x00020000 if
32      only OpenGL ES 2.0 support is needed.
33    -->
34    <uses-permission android:name="android.permission.CAMERA" />
34-->[:GfxPluginCardboard:] AndroidManifest.xml:17:5-65
34-->[:GfxPluginCardboard:] AndroidManifest.xml:17:22-62
35    <uses-permission android:name="android.permission.WRITE_EXTERNAL_STORAGE" />
35-->[:GfxPluginCardboard:] AndroidManifest.xml:18:5-81
35-->[:GfxPluginCardboard:] AndroidManifest.xml:18:22-78
36    <uses-permission android:name="android.permission.INTERNET" />
36-->[:GfxPluginCardboard:] AndroidManifest.xml:19:5-67
36-->[:GfxPluginCardboard:] AndroidManifest.xml:19:22-64
37    <uses-permission android:name="android.permission.NFC" />
37-->[:GfxPluginCardboard:] AndroidManifest.xml:20:5-62
37-->[:GfxPluginCardboard:] AndroidManifest.xml:20:22-59
38
39    <application
39-->src\main\AndroidManifest.xml:5:3-116
40        android:appComponentFactory="androidx.core.app.CoreComponentFactory"
40-->[androidx.core:core:1.7.0] AndroidManifest.xml:24:18-86
41        android:extractNativeLibs="true"
41-->src\main\AndroidManifest.xml:5:16-48
42        android:icon="@mipmap/app_icon"
42-->src\main\AndroidManifest.xml:5:82-113
43        android:label="@string/app_name" >
43-->src\main\AndroidManifest.xml:5:49-81
44        <activity
44-->[:unityLibrary] AndroidManifest.xml:25:9-46:20
45            android:name="com.unity3d.player.UnityPlayerActivity"
45-->[:unityLibrary] AndroidManifest.xml:26:13-66
46            android:configChanges="mcc|mnc|locale|touchscreen|keyboard|keyboardHidden|navigation|orientation|screenLayout|uiMode|screenSize|smallestScreenSize|fontScale|layoutDirection|density"
46-->[:unityLibrary] AndroidManifest.xml:27:13-194
47            android:exported="true"
47-->[:unityLibrary] AndroidManifest.xml:28:13-36
48            android:hardwareAccelerated="false"
48-->[:unityLibrary] AndroidManifest.xml:29:13-48
49            android:launchMode="singleTask"
49-->[:unityLibrary] AndroidManifest.xml:30:13-44
50            android:resizeableActivity="false"
50-->[:unityLibrary] AndroidManifest.xml:31:13-47
51            android:screenOrientation="landscape"
51-->[:unityLibrary] AndroidManifest.xml:32:13-50
52            android:theme="@style/UnityThemeSelector" >
52-->[:unityLibrary] AndroidManifest.xml:33:13-54
53            <intent-filter>
53-->[:unityLibrary] AndroidManifest.xml:34:13-38:29
54                <action android:name="android.intent.action.MAIN" />
54-->[:unityLibrary] AndroidManifest.xml:35:17-69
54-->[:unityLibrary] AndroidManifest.xml:35:25-66
55
56                <category android:name="android.intent.category.LAUNCHER" />
56-->[:unityLibrary] AndroidManifest.xml:37:17-77
56-->[:unityLibrary] AndroidManifest.xml:37:27-74
57            </intent-filter>
58
59            <meta-data
59-->[:unityLibrary] AndroidManifest.xml:40:13-42:40
60                android:name="unityplayer.UnityActivity"
60-->[:unityLibrary] AndroidManifest.xml:41:17-57
61                android:value="true" />
61-->[:unityLibrary] AndroidManifest.xml:42:17-37
62            <meta-data
62-->[:unityLibrary] AndroidManifest.xml:43:13-45:40
63                android:name="android.notch_support"
63-->[:unityLibrary] AndroidManifest.xml:44:17-53
64                android:value="true" />
64-->[:unityLibrary] AndroidManifest.xml:45:17-37
65        </activity>
66
67        <meta-data
67-->[:unityLibrary] AndroidManifest.xml:48:9-50:33
68            android:name="unity.splash-mode"
68-->[:unityLibrary] AndroidManifest.xml:49:13-45
69            android:value="0" />
69-->[:unityLibrary] AndroidManifest.xml:50:13-30
70        <meta-data
70-->[:unityLibrary] AndroidManifest.xml:51:9-53:36
71            android:name="unity.splash-enable"
71-->[:unityLibrary] AndroidManifest.xml:52:13-47
72            android:value="True" />
72-->[:unityLibrary] AndroidManifest.xml:53:13-33
73        <meta-data
73-->[:unityLibrary] AndroidManifest.xml:54:9-56:36
74            android:name="unity.launch-fullscreen"
74-->[:unityLibrary] AndroidManifest.xml:55:13-51
75            android:value="True" />
75-->[:unityLibrary] AndroidManifest.xml:56:13-33
76        <meta-data
76-->[:unityLibrary] AndroidManifest.xml:57:9-59:37
77            android:name="unity.allow-resizable-window"
77-->[:unityLibrary] AndroidManifest.xml:58:13-56
78            android:value="False" />
78-->[:unityLibrary] AndroidManifest.xml:59:13-34
79        <meta-data
79-->[:unityLibrary] AndroidManifest.xml:60:9-62:50
80            android:name="notch.config"
80-->[:unityLibrary] AndroidManifest.xml:61:13-40
81            android:value="portrait|landscape" />
81-->[:unityLibrary] AndroidManifest.xml:62:13-47
82        <meta-data
82-->[:unityLibrary] AndroidManifest.xml:63:9-65:68
83            android:name="unity.build-id"
83-->[:unityLibrary] AndroidManifest.xml:64:13-42
84            android:value="9eb290dc-f8a3-4eea-bbb3-9b0073b8b9ed" />
84-->[:unityLibrary] AndroidManifest.xml:65:13-65
85
86        <activity
86-->[:GfxPluginCardboard:] AndroidManifest.xml:23:9-27:66
87            android:name="com.google.cardboard.sdk.QrCodeCaptureActivity"
87-->[:GfxPluginCardboard:] AndroidManifest.xml:24:13-74
88            android:exported="false"
88-->[:GfxPluginCardboard:] AndroidManifest.xml:25:13-37
89            android:label="@string/title_activity_qr_code_capture"
89-->[:GfxPluginCardboard:] AndroidManifest.xml:26:13-67
90            android:theme="@style/Theme.AppCompat.NoActionBar" />
90-->[:GfxPluginCardboard:] AndroidManifest.xml:27:13-63
91        <!--
92          Activity whose sole purpose is to update Cardboard device params when a Cardboard V1
93          NFC tag is detected.
94        -->
95        <activity
95-->[:GfxPluginCardboard:] AndroidManifest.xml:33:9-46:20
96            android:name="com.google.cardboard.sdk.HeadsetDetectionActivity"
96-->[:GfxPluginCardboard:] AndroidManifest.xml:34:13-77
97            android:exported="true"
97-->[:GfxPluginCardboard:] AndroidManifest.xml:35:13-36
98            android:label="@string/headset_detection_activity_title" >
98-->[:GfxPluginCardboard:] AndroidManifest.xml:36:13-69
99
100            <!-- Handles the Cardboard V1 NFC tag released at Google I/O 2014. -->
101            <intent-filter>
101-->[:GfxPluginCardboard:] AndroidManifest.xml:39:13-45:29
102                <action android:name="android.nfc.action.NDEF_DISCOVERED" />
102-->[:GfxPluginCardboard:] AndroidManifest.xml:40:17-77
102-->[:GfxPluginCardboard:] AndroidManifest.xml:40:25-74
103
104                <category android:name="android.intent.category.DEFAULT" />
104-->[:GfxPluginCardboard:] AndroidManifest.xml:42:17-76
104-->[:GfxPluginCardboard:] AndroidManifest.xml:42:27-73
105
106                <data android:scheme="cardboard" />
106-->[:GfxPluginCardboard:] AndroidManifest.xml:44:17-52
106-->[:GfxPluginCardboard:] AndroidManifest.xml:44:23-49
107            </intent-filter>
108        </activity>
109        <activity
109-->[com.google.android.gms:play-services-base:17.4.0] AndroidManifest.xml:23:9-26:75
110            android:name="com.google.android.gms.common.api.GoogleApiActivity"
110-->[com.google.android.gms:play-services-base:17.4.0] AndroidManifest.xml:24:13-79
111            android:exported="false"
111-->[com.google.android.gms:play-services-base:17.4.0] AndroidManifest.xml:25:13-37
112            android:theme="@android:style/Theme.Translucent.NoTitleBar" />
112-->[com.google.android.gms:play-services-base:17.4.0] AndroidManifest.xml:26:13-72
113
114        <meta-data
114-->[com.google.android.gms:play-services-basement:17.4.0] AndroidManifest.xml:23:9-25:69
115            android:name="com.google.android.gms.version"
115-->[com.google.android.gms:play-services-basement:17.4.0] AndroidManifest.xml:24:13-58
116            android:value="@integer/google_play_services_version" />
116-->[com.google.android.gms:play-services-basement:17.4.0] AndroidManifest.xml:25:13-66
117
118        <provider
118-->[androidx.emoji2:emoji2:1.0.0] AndroidManifest.xml:26:9-34:20
119            android:name="androidx.startup.InitializationProvider"
119-->[androidx.emoji2:emoji2:1.0.0] AndroidManifest.xml:27:13-67
120            android:authorities="com.HurdleProject.Hurdles.androidx-startup"
120-->[androidx.emoji2:emoji2:1.0.0] AndroidManifest.xml:28:13-68
121            android:exported="false" >
121-->[androidx.emoji2:emoji2:1.0.0] AndroidManifest.xml:29:13-37
122            <meta-data
122-->[androidx.emoji2:emoji2:1.0.0] AndroidManifest.xml:31:13-33:52
123                android:name="androidx.emoji2.text.EmojiCompatInitializer"
123-->[androidx.emoji2:emoji2:1.0.0] AndroidManifest.xml:32:17-75
124                android:value="androidx.startup" />
124-->[androidx.emoji2:emoji2:1.0.0] AndroidManifest.xml:33:17-49
125            <meta-data
125-->[androidx.lifecycle:lifecycle-process:2.4.0] AndroidManifest.xml:31:13-33:52
126                android:name="androidx.lifecycle.ProcessLifecycleInitializer"
126-->[androidx.lifecycle:lifecycle-process:2.4.0] AndroidManifest.xml:32:17-78
127                android:value="androidx.startup" />
127-->[androidx.lifecycle:lifecycle-process:2.4.0] AndroidManifest.xml:33:17-49
128        </provider>
129    </application>
130
131</manifest>